<?xml version="1.0" encoding="UTF-8"?>
<!-- Generated by org.testng.reporters.JUnitXMLReporter -->
<testsuite hostname="juan-asus" failures="0" tests="2" name="/home/andre/IntelliJ-Workspace/foro-alura-api" time="3.59" errors="0" timestamp="15 Nov 2023 19:17:26 GMT">
  <testcase classname="com.foro.api.topic.TestTopicRepositoryIT" name="testListTopics" time="0.208"/>
  <testcase classname="com.foro.api.topic.TestTopicRepositoryIT" name="testTopicCRUD" time="0.005"/>
</testsuite> <!-- /home/andre/IntelliJ-Workspace/foro-alura-api -->
