<?xml version="1.0" encoding="UTF-8"?>
<testng-results total="2" passed="2" failed="0" skipped="0">
  <reporter-output>
  </reporter-output>
  <suite started-at="2023-11-15T19:17:22Z" name="All Test Suite" finished-at="2023-11-15T19:17:26Z" duration-ms="3590">
    <groups>
    </groups>
    <test started-at="2023-11-15T19:17:22Z" name="/home/andre/IntelliJ-Workspace/foro-alura-api" finished-at="2023-11-15T19:17:26Z" duration-ms="3590">
      <class name="com.foro.api.topic.TestTopicRepositoryIT">
        <test-method is-config="true" signature="springTestContextBeforeTestClass()[pri:0, instance:com.foro.api.topic.TestTopicRepositoryIT@418c5a9c]" started-at="2023-11-15T14:17:22Z" name="springTestContextBeforeTestClass" finished-at="2023-11-15T14:17:22Z" duration-ms="7" status="PASS">
          <reporter-output>
          </reporter-output>
        </test-method> <!-- springTestContextBeforeTestClass -->
        <test-method is-config="true" signature="springTestContextPrepareTestInstance()[pri:0, instance:com.foro.api.topic.TestTopicRepositoryIT@418c5a9c]" started-at="2023-11-15T14:17:22Z" name="springTestContextPrepareTestInstance" finished-at="2023-11-15T14:17:25Z" depends-on-methods="org.springframework.test.context.testng.AbstractTestNGSpringContextTests.springTestContextBeforeTestClass" duration-ms="3044" status="PASS">
          <reporter-output>
          </reporter-output>
        </test-method> <!-- springTestContextPrepareTestInstance -->
        <test-method is-config="true" signature="springTestContextBeforeTestMethod(java.lang.reflect.Method)[pri:0, instance:com.foro.api.topic.TestTopicRepositoryIT@418c5a9c]" started-at="2023-11-15T14:17:25Z" name="springTestContextBeforeTestMethod" finished-at="2023-11-15T14:17:25Z" duration-ms="304" status="PASS">
          <params>
            <param index="0">
              <value>
                <![CDATA[public void com.foro.api.topic.TestTopicRepositoryIT.testListTopics()]]>
              </value>
            </param>
          </params>
          <reporter-output>
          </reporter-output>
        </test-method> <!-- springTestContextBeforeTestMethod -->
        <test-method signature="testListTopics()[pri:0, instance:com.foro.api.topic.TestTopicRepositoryIT@418c5a9c]" started-at="2023-11-15T14:17:25Z" name="testListTopics" finished-at="2023-11-15T14:17:26Z" duration-ms="208" status="PASS">
          <reporter-output>
          </reporter-output>
        </test-method> <!-- testListTopics -->
        <test-method is-config="true" signature="springTestContextAfterTestMethod(java.lang.reflect.Method)[pri:0, instance:com.foro.api.topic.TestTopicRepositoryIT@418c5a9c]" started-at="2023-11-15T14:17:26Z" name="springTestContextAfterTestMethod" finished-at="2023-11-15T14:17:26Z" duration-ms="3" status="PASS">
          <params>
            <param index="0">
              <value>
                <![CDATA[public void com.foro.api.topic.TestTopicRepositoryIT.testListTopics()]]>
              </value>
            </param>
          </params>
          <reporter-output>
          </reporter-output>
        </test-method> <!-- springTestContextAfterTestMethod -->
        <test-method is-config="true" signature="springTestContextBeforeTestMethod(java.lang.reflect.Method)[pri:0, instance:com.foro.api.topic.TestTopicRepositoryIT@418c5a9c]" started-at="2023-11-15T14:17:26Z" name="springTestContextBeforeTestMethod" finished-at="2023-11-15T14:17:26Z" duration-ms="4" status="PASS">
          <params>
            <param index="0">
              <value>
                <![CDATA[void com.foro.api.topic.TestTopicRepositoryIT.testTopicCRUD()]]>
              </value>
            </param>
          </params>
          <reporter-output>
          </reporter-output>
        </test-method> <!-- springTestContextBeforeTestMethod -->
        <test-method signature="testTopicCRUD()[pri:0, instance:com.foro.api.topic.TestTopicRepositoryIT@418c5a9c]" started-at="2023-11-15T14:17:26Z" name="testTopicCRUD" finished-at="2023-11-15T14:17:26Z" duration-ms="5" status="PASS">
          <reporter-output>
          </reporter-output>
        </test-method> <!-- testTopicCRUD -->
        <test-method is-config="true" signature="springTestContextAfterTestMethod(java.lang.reflect.Method)[pri:0, instance:com.foro.api.topic.TestTopicRepositoryIT@418c5a9c]" started-at="2023-11-15T14:17:26Z" name="springTestContextAfterTestMethod" finished-at="2023-11-15T14:17:26Z" duration-ms="5" status="PASS">
          <params>
            <param index="0">
              <value>
                <![CDATA[void com.foro.api.topic.TestTopicRepositoryIT.testTopicCRUD()]]>
              </value>
            </param>
          </params>
          <reporter-output>
          </reporter-output>
        </test-method> <!-- springTestContextAfterTestMethod -->
        <test-method is-config="true" signature="springTestContextAfterTestClass()[pri:0, instance:com.foro.api.topic.TestTopicRepositoryIT@418c5a9c]" started-at="2023-11-15T14:17:26Z" name="springTestContextAfterTestClass" finished-at="2023-11-15T14:17:26Z" duration-ms="1" status="PASS">
          <reporter-output>
          </reporter-output>
        </test-method> <!-- springTestContextAfterTestClass -->
      </class> <!-- com.foro.api.topic.TestTopicRepositoryIT -->
    </test> <!-- /home/andre/IntelliJ-Workspace/foro-alura-api -->
  </suite> <!-- All Test Suite -->
</testng-results>
